CRITICAL - 2024-12-08 11:25:38 --> Error: Class "Locale" not found
[Method: GET, Route: /]
in SYSTEMPATH\CodeIgniter.php on line 190.
 1 SYSTEMPATH\Boot.php(312): CodeIgniter\CodeIgniter->initialize()
 2 SYSTEMPATH\Boot.php(66): CodeIgniter\Boot::initializeCodeIgniter()
 3 FCPATH\index.php(56): CodeIgniter\Boot::bootWeb(Object(Config\Paths))
CRITICAL - 2024-12-08 11:25:39 --> ErrorException: Uncaught Error: Class "Locale" not found in F:\xampp1\htdocs\codeigniter_0001\system\Helpers\number_helper.php:140
Stack trace:
#0 F:\xampp1\htdocs\codeigniter_0001\system\Helpers\number_helper.php(58): format_number(6.0, 2, NULL, Array)
#1 F:\xampp1\htdocs\codeigniter_0001\system\Debug\BaseExceptionHandler.php(154): number_to_size(6.0, 2)
#2 F:\xampp1\htdocs\codeigniter_0001\app\Views\errors\html\error_exception.php(409): CodeIgniter\Debug\BaseExceptionHandler::describeMemory(6291456)
#3 F:\xampp1\htdocs\codeigniter_0001\system\Debug\BaseExceptionHandler.php(266): include('F:\\xampp1\\htdoc...')
#4 F:\xampp1\htdocs\codeigniter_0001\system\Debug\BaseExceptionHandler.php(269): CodeIgniter\Debug\BaseExceptionHandler->CodeIgniter\Debug\{closure}()
#5 F:\xampp1\htdocs\codeigniter_0001\system\Debug\ExceptionHandler.php(114): CodeIgniter\Debug\BaseExceptionHandler->render(Object(Error), 500, 'F:\\xampp1\\htdoc...')
#6 F:\xampp1\htdocs\codeigniter_0001\system\Debug\Exceptions.php(163): CodeIgniter\Debug\ExceptionHandler->handle(Object(Error), Object(CodeIgniter\HTTP\IncomingRequest), Object(CodeIgniter\HTTP\Response), 500, 1)
#7 [internal function]: CodeIgniter\Debug\Exceptions->exceptionHandler(Object(Error))
#8 {main}
  thrown
【Previous Exception】
Error
Class "Locale" not found
#0 F:\xampp1\htdocs\codeigniter_0001\system\Boot.php(312): CodeIgniter\CodeIgniter->initialize()
#1 F:\xampp1\htdocs\codeigniter_0001\system\Boot.php(66): CodeIgniter\Boot::initializeCodeIgniter()
#2 F:\xampp1\htdocs\codeigniter_0001\public\index.php(56): CodeIgniter\Boot::bootWeb(Object(Config\Paths))
#3 {main}
[Method: GET, Route: /]
in SYSTEMPATH\Helpers\number_helper.php on line 140.
 1 [internal function]: CodeIgniter\Debug\Exceptions->shutdownHandler()
CRITICAL - 2024-12-08 11:28:00 --> Error: Class "Locale" not found
[Method: GET, Route: /]
in SYSTEMPATH\CodeIgniter.php on line 190.
 1 SYSTEMPATH\Boot.php(312): CodeIgniter\CodeIgniter->initialize()
 2 SYSTEMPATH\Boot.php(66): CodeIgniter\Boot::initializeCodeIgniter()
 3 FCPATH\index.php(56): CodeIgniter\Boot::bootWeb(Object(Config\Paths))
CRITICAL - 2024-12-08 11:28:00 --> ErrorException: Uncaught Error: Class "Locale" not found in F:\xampp1\htdocs\codeigniter_0001\system\Helpers\number_helper.php:140
Stack trace:
#0 F:\xampp1\htdocs\codeigniter_0001\system\Helpers\number_helper.php(58): format_number(6.0, 2, NULL, Array)
#1 F:\xampp1\htdocs\codeigniter_0001\system\Debug\BaseExceptionHandler.php(154): number_to_size(6.0, 2)
#2 F:\xampp1\htdocs\codeigniter_0001\app\Views\errors\html\error_exception.php(409): CodeIgniter\Debug\BaseExceptionHandler::describeMemory(6291456)
#3 F:\xampp1\htdocs\codeigniter_0001\system\Debug\BaseExceptionHandler.php(266): include('F:\\xampp1\\htdoc...')
#4 F:\xampp1\htdocs\codeigniter_0001\system\Debug\BaseExceptionHandler.php(269): CodeIgniter\Debug\BaseExceptionHandler->CodeIgniter\Debug\{closure}()
#5 F:\xampp1\htdocs\codeigniter_0001\system\Debug\ExceptionHandler.php(114): CodeIgniter\Debug\BaseExceptionHandler->render(Object(Error), 500, 'F:\\xampp1\\htdoc...')
#6 F:\xampp1\htdocs\codeigniter_0001\system\Debug\Exceptions.php(163): CodeIgniter\Debug\ExceptionHandler->handle(Object(Error), Object(CodeIgniter\HTTP\IncomingRequest), Object(CodeIgniter\HTTP\Response), 500, 1)
#7 [internal function]: CodeIgniter\Debug\Exceptions->exceptionHandler(Object(Error))
#8 {main}
  thrown
【Previous Exception】
Error
Class "Locale" not found
#0 F:\xampp1\htdocs\codeigniter_0001\system\Boot.php(312): CodeIgniter\CodeIgniter->initialize()
#1 F:\xampp1\htdocs\codeigniter_0001\system\Boot.php(66): CodeIgniter\Boot::initializeCodeIgniter()
#2 F:\xampp1\htdocs\codeigniter_0001\public\index.php(56): CodeIgniter\Boot::bootWeb(Object(Config\Paths))
#3 {main}
[Method: GET, Route: /]
in SYSTEMPATH\Helpers\number_helper.php on line 140.
 1 [internal function]: CodeIgniter\Debug\Exceptions->shutdownHandler()
CRITICAL - 2024-12-08 11:30:51 --> Error: Class "Locale" not found
[Method: GET, Route: /]
in SYSTEMPATH\CodeIgniter.php on line 190.
 1 SYSTEMPATH\Boot.php(312): CodeIgniter\CodeIgniter->initialize()
 2 SYSTEMPATH\Boot.php(66): CodeIgniter\Boot::initializeCodeIgniter()
 3 FCPATH\index.php(56): CodeIgniter\Boot::bootWeb(Object(Config\Paths))
CRITICAL - 2024-12-08 11:31:00 --> Error: Class "Locale" not found
[Method: GET, Route: /]
in SYSTEMPATH\CodeIgniter.php on line 190.
 1 SYSTEMPATH\Boot.php(312): CodeIgniter\CodeIgniter->initialize()
 2 SYSTEMPATH\Boot.php(66): CodeIgniter\Boot::initializeCodeIgniter()
 3 FCPATH\index.php(56): CodeIgniter\Boot::bootWeb(Object(Config\Paths))
CRITICAL - 2024-12-08 11:31:00 --> ErrorException: Uncaught Error: Class "Locale" not found in F:\xampp1\htdocs\codeigniter_0001\system\Helpers\number_helper.php:140
Stack trace:
#0 F:\xampp1\htdocs\codeigniter_0001\system\Helpers\number_helper.php(58): format_number(6.0, 2, NULL, Array)
#1 F:\xampp1\htdocs\codeigniter_0001\system\Debug\BaseExceptionHandler.php(154): number_to_size(6.0, 2)
#2 F:\xampp1\htdocs\codeigniter_0001\app\Views\errors\html\error_exception.php(409): CodeIgniter\Debug\BaseExceptionHandler::describeMemory(6291456)
#3 F:\xampp1\htdocs\codeigniter_0001\system\Debug\BaseExceptionHandler.php(266): include('F:\\xampp1\\htdoc...')
#4 F:\xampp1\htdocs\codeigniter_0001\system\Debug\BaseExceptionHandler.php(269): CodeIgniter\Debug\BaseExceptionHandler->CodeIgniter\Debug\{closure}()
#5 F:\xampp1\htdocs\codeigniter_0001\system\Debug\ExceptionHandler.php(114): CodeIgniter\Debug\BaseExceptionHandler->render(Object(Error), 500, 'F:\\xampp1\\htdoc...')
#6 F:\xampp1\htdocs\codeigniter_0001\system\Debug\Exceptions.php(163): CodeIgniter\Debug\ExceptionHandler->handle(Object(Error), Object(CodeIgniter\HTTP\IncomingRequest), Object(CodeIgniter\HTTP\Response), 500, 1)
#7 [internal function]: CodeIgniter\Debug\Exceptions->exceptionHandler(Object(Error))
#8 {main}
  thrown
【Previous Exception】
Error
Class "Locale" not found
#0 F:\xampp1\htdocs\codeigniter_0001\system\Boot.php(312): CodeIgniter\CodeIgniter->initialize()
#1 F:\xampp1\htdocs\codeigniter_0001\system\Boot.php(66): CodeIgniter\Boot::initializeCodeIgniter()
#2 F:\xampp1\htdocs\codeigniter_0001\public\index.php(56): CodeIgniter\Boot::bootWeb(Object(Config\Paths))
#3 {main}
[Method: GET, Route: /]
in SYSTEMPATH\Helpers\number_helper.php on line 140.
 1 [internal function]: CodeIgniter\Debug\Exceptions->shutdownHandler()
CRITICAL - 2024-12-08 11:31:06 --> Error: Class "Locale" not found
[Method: GET, Route: /]
in SYSTEMPATH\CodeIgniter.php on line 190.
 1 SYSTEMPATH\Boot.php(312): CodeIgniter\CodeIgniter->initialize()
 2 SYSTEMPATH\Boot.php(66): CodeIgniter\Boot::initializeCodeIgniter()
 3 FCPATH\index.php(56): CodeIgniter\Boot::bootWeb(Object(Config\Paths))
CRITICAL - 2024-12-08 11:31:06 --> ErrorException: Uncaught Error: Class "Locale" not found in F:\xampp1\htdocs\codeigniter_0001\system\I18n\TimeTrait.php:76
Stack trace:
#0 F:\xampp1\htdocs\codeigniter_0001\system\I18n\TimeTrait.php(117): CodeIgniter\I18n\Time->__construct(NULL, NULL, NULL)
#1 F:\xampp1\htdocs\codeigniter_0001\system\HTTP\ResponseTrait.php(395): CodeIgniter\I18n\Time::now()
#2 F:\xampp1\htdocs\codeigniter_0001\system\HTTP\ResponseTrait.php(373): CodeIgniter\HTTP\Response->sendHeaders()
#3 F:\xampp1\htdocs\codeigniter_0001\system\Debug\ExceptionHandler.php(83): CodeIgniter\HTTP\Response->send()
#4 F:\xampp1\htdocs\codeigniter_0001\system\Debug\Exceptions.php(163): CodeIgniter\Debug\ExceptionHandler->handle(Object(Error), Object(CodeIgniter\HTTP\IncomingRequest), Object(CodeIgniter\HTTP\Response), 500, 1)
#5 [internal function]: CodeIgniter\Debug\Exceptions->exceptionHandler(Object(Error))
#6 {main}
  thrown
【Previous Exception】
Error
Class "Locale" not found
#0 F:\xampp1\htdocs\codeigniter_0001\system\Boot.php(312): CodeIgniter\CodeIgniter->initialize()
#1 F:\xampp1\htdocs\codeigniter_0001\system\Boot.php(66): CodeIgniter\Boot::initializeCodeIgniter()
#2 F:\xampp1\htdocs\codeigniter_0001\public\index.php(56): CodeIgniter\Boot::bootWeb(Object(Config\Paths))
#3 {main}
[Method: GET, Route: /]
in SYSTEMPATH\I18n\TimeTrait.php on line 76.
 1 [internal function]: CodeIgniter\Debug\Exceptions->shutdownHandler()
CRITICAL - 2024-12-08 11:38:10 --> Error: Class "Locale" not found
[Method: GET, Route: /]
in SYSTEMPATH\CodeIgniter.php on line 190.
 1 SYSTEMPATH\Boot.php(312): CodeIgniter\CodeIgniter->initialize()
 2 SYSTEMPATH\Boot.php(66): CodeIgniter\Boot::initializeCodeIgniter()
 3 FCPATH\index.php(56): CodeIgniter\Boot::bootWeb(Object(Config\Paths))
CRITICAL - 2024-12-08 11:38:10 --> ErrorException: Uncaught Error: Class "Locale" not found in F:\xampp1\htdocs\codeigniter_0001\system\Helpers\number_helper.php:140
Stack trace:
#0 F:\xampp1\htdocs\codeigniter_0001\system\Helpers\number_helper.php(58): format_number(6.0, 2, NULL, Array)
#1 F:\xampp1\htdocs\codeigniter_0001\system\Debug\BaseExceptionHandler.php(154): number_to_size(6.0, 2)
#2 F:\xampp1\htdocs\codeigniter_0001\app\Views\errors\html\error_exception.php(409): CodeIgniter\Debug\BaseExceptionHandler::describeMemory(6291456)
#3 F:\xampp1\htdocs\codeigniter_0001\system\Debug\BaseExceptionHandler.php(266): include('F:\\xampp1\\htdoc...')
#4 F:\xampp1\htdocs\codeigniter_0001\system\Debug\BaseExceptionHandler.php(269): CodeIgniter\Debug\BaseExceptionHandler->CodeIgniter\Debug\{closure}()
#5 F:\xampp1\htdocs\codeigniter_0001\system\Debug\ExceptionHandler.php(114): CodeIgniter\Debug\BaseExceptionHandler->render(Object(Error), 500, 'F:\\xampp1\\htdoc...')
#6 F:\xampp1\htdocs\codeigniter_0001\system\Debug\Exceptions.php(163): CodeIgniter\Debug\ExceptionHandler->handle(Object(Error), Object(CodeIgniter\HTTP\IncomingRequest), Object(CodeIgniter\HTTP\Response), 500, 1)
#7 [internal function]: CodeIgniter\Debug\Exceptions->exceptionHandler(Object(Error))
#8 {main}
  thrown
【Previous Exception】
Error
Class "Locale" not found
#0 F:\xampp1\htdocs\codeigniter_0001\system\Boot.php(312): CodeIgniter\CodeIgniter->initialize()
#1 F:\xampp1\htdocs\codeigniter_0001\system\Boot.php(66): CodeIgniter\Boot::initializeCodeIgniter()
#2 F:\xampp1\htdocs\codeigniter_0001\public\index.php(56): CodeIgniter\Boot::bootWeb(Object(Config\Paths))
#3 {main}
[Method: GET, Route: /]
in SYSTEMPATH\Helpers\number_helper.php on line 140.
 1 [internal function]: CodeIgniter\Debug\Exceptions->shutdownHandler()
CRITICAL - 2024-12-08 11:42:35 --> Error: Class "Locale" not found
[Method: GET, Route: /]
in SYSTEMPATH\CodeIgniter.php on line 190.
 1 SYSTEMPATH\Boot.php(312): CodeIgniter\CodeIgniter->initialize()
 2 SYSTEMPATH\Boot.php(66): CodeIgniter\Boot::initializeCodeIgniter()
 3 FCPATH\index.php(56): CodeIgniter\Boot::bootWeb(Object(Config\Paths))
CRITICAL - 2024-12-08 11:42:36 --> ErrorException: Uncaught Error: Class "Locale" not found in F:\xampp1\htdocs\codeigniter_0001\system\Helpers\number_helper.php:140
Stack trace:
#0 F:\xampp1\htdocs\codeigniter_0001\system\Helpers\number_helper.php(58): format_number(6.0, 2, NULL, Array)
#1 F:\xampp1\htdocs\codeigniter_0001\system\Debug\BaseExceptionHandler.php(154): number_to_size(6.0, 2)
#2 F:\xampp1\htdocs\codeigniter_0001\app\Views\errors\html\error_exception.php(409): CodeIgniter\Debug\BaseExceptionHandler::describeMemory(6291456)
#3 F:\xampp1\htdocs\codeigniter_0001\system\Debug\BaseExceptionHandler.php(266): include('F:\\xampp1\\htdoc...')
#4 F:\xampp1\htdocs\codeigniter_0001\system\Debug\BaseExceptionHandler.php(269): CodeIgniter\Debug\BaseExceptionHandler->CodeIgniter\Debug\{closure}()
#5 F:\xampp1\htdocs\codeigniter_0001\system\Debug\ExceptionHandler.php(114): CodeIgniter\Debug\BaseExceptionHandler->render(Object(Error), 500, 'F:\\xampp1\\htdoc...')
#6 F:\xampp1\htdocs\codeigniter_0001\system\Debug\Exceptions.php(163): CodeIgniter\Debug\ExceptionHandler->handle(Object(Error), Object(CodeIgniter\HTTP\IncomingRequest), Object(CodeIgniter\HTTP\Response), 500, 1)
#7 [internal function]: CodeIgniter\Debug\Exceptions->exceptionHandler(Object(Error))
#8 {main}
  thrown
【Previous Exception】
Error
Class "Locale" not found
#0 F:\xampp1\htdocs\codeigniter_0001\system\Boot.php(312): CodeIgniter\CodeIgniter->initialize()
#1 F:\xampp1\htdocs\codeigniter_0001\system\Boot.php(66): CodeIgniter\Boot::initializeCodeIgniter()
#2 F:\xampp1\htdocs\codeigniter_0001\public\index.php(56): CodeIgniter\Boot::bootWeb(Object(Config\Paths))
#3 {main}
[Method: GET, Route: /]
in SYSTEMPATH\Helpers\number_helper.php on line 140.
 1 [internal function]: CodeIgniter\Debug\Exceptions->shutdownHandler()
CRITICAL - 2024-12-08 11:45:37 --> Error: Class "Locale" not found
[Method: GET, Route: /]
in SYSTEMPATH\CodeIgniter.php on line 190.
 1 SYSTEMPATH\Boot.php(312): CodeIgniter\CodeIgniter->initialize()
 2 SYSTEMPATH\Boot.php(66): CodeIgniter\Boot::initializeCodeIgniter()
 3 FCPATH\index.php(56): CodeIgniter\Boot::bootWeb(Object(Config\Paths))
CRITICAL - 2024-12-08 11:45:37 --> ErrorException: Uncaught Error: Class "Locale" not found in F:\xampp1\htdocs\codeigniter_0001\system\Helpers\number_helper.php:140
Stack trace:
#0 F:\xampp1\htdocs\codeigniter_0001\system\Helpers\number_helper.php(58): format_number(6.0, 2, NULL, Array)
#1 F:\xampp1\htdocs\codeigniter_0001\system\Debug\BaseExceptionHandler.php(154): number_to_size(6.0, 2)
#2 F:\xampp1\htdocs\codeigniter_0001\app\Views\errors\html\error_exception.php(409): CodeIgniter\Debug\BaseExceptionHandler::describeMemory(6291456)
#3 F:\xampp1\htdocs\codeigniter_0001\system\Debug\BaseExceptionHandler.php(266): include('F:\\xampp1\\htdoc...')
#4 F:\xampp1\htdocs\codeigniter_0001\system\Debug\BaseExceptionHandler.php(269): CodeIgniter\Debug\BaseExceptionHandler->CodeIgniter\Debug\{closure}()
#5 F:\xampp1\htdocs\codeigniter_0001\system\Debug\ExceptionHandler.php(114): CodeIgniter\Debug\BaseExceptionHandler->render(Object(Error), 500, 'F:\\xampp1\\htdoc...')
#6 F:\xampp1\htdocs\codeigniter_0001\system\Debug\Exceptions.php(163): CodeIgniter\Debug\ExceptionHandler->handle(Object(Error), Object(CodeIgniter\HTTP\IncomingRequest), Object(CodeIgniter\HTTP\Response), 500, 1)
#7 [internal function]: CodeIgniter\Debug\Exceptions->exceptionHandler(Object(Error))
#8 {main}
  thrown
【Previous Exception】
Error
Class "Locale" not found
#0 F:\xampp1\htdocs\codeigniter_0001\system\Boot.php(312): CodeIgniter\CodeIgniter->initialize()
#1 F:\xampp1\htdocs\codeigniter_0001\system\Boot.php(66): CodeIgniter\Boot::initializeCodeIgniter()
#2 F:\xampp1\htdocs\codeigniter_0001\public\index.php(56): CodeIgniter\Boot::bootWeb(Object(Config\Paths))
#3 {main}
[Method: GET, Route: /]
in SYSTEMPATH\Helpers\number_helper.php on line 140.
 1 [internal function]: CodeIgniter\Debug\Exceptions->shutdownHandler()
